
  .   ____          _            __ _ _
 /\\ / ___'_ __ _ _(_)_ __  __ _ \ \ \ \
( ( )\___ | '_ | '_| | '_ \/ _` | \ \ \ \
 \\/  ___)| |_)| | | | | || (_| |  ) ) ) )
  '  |____| .__|_| |_|_| |_\__, | / / / /
 =========|_|==============|___/=/_/_/_/

 :: Spring Boot ::               (v3.5.13)

2026-04-12T12:42:26.185Z  INFO 97147 --- [news-aggregator] [           main] c.n.NewsAggregatorApplication            : Starting NewsAggregatorApplication v1.0.0 using Java 21.0.10 with PID 97147 (/config/workspace/projects/java/news-aggregator/target/news-aggregator-1.0.0.jar started by abc in /config/workspace/projects/java/news-aggregator)
2026-04-12T12:42:26.186Z DEBUG 97147 --- [news-aggregator] [           main] c.n.NewsAggregatorApplication            : Running with Spring Boot v3.5.13, Spring v6.2.17
2026-04-12T12:42:26.187Z  INFO 97147 --- [news-aggregator] [           main] c.n.NewsAggregatorApplication            : The following 1 profile is active: "prod"
2026-04-12T12:42:26.545Z  INFO 97147 --- [news-aggregator] [           main] .s.d.r.c.RepositoryConfigurationDelegate : Bootstrapping Spring Data JPA repositories in DEFAULT mode.
2026-04-12T12:42:26.565Z  INFO 97147 --- [news-aggregator] [           main] .s.d.r.c.RepositoryConfigurationDelegate : Finished Spring Data repository scanning in 15 ms. Found 2 JPA repository interfaces.
2026-04-12T12:42:26.929Z  INFO 97147 --- [news-aggregator] [           main] o.s.b.w.embedded.tomcat.TomcatWebServer  : Tomcat initialized with port 8080 (http)
2026-04-12T12:42:26.936Z  INFO 97147 --- [news-aggregator] [           main] o.apache.catalina.core.StandardService   : Starting service [Tomcat]
2026-04-12T12:42:26.936Z  INFO 97147 --- [news-aggregator] [           main] o.apache.catalina.core.StandardEngine    : Starting Servlet engine: [Apache Tomcat/10.1.53]
2026-04-12T12:42:26.948Z  INFO 97147 --- [news-aggregator] [           main] o.a.c.c.C.[Tomcat].[localhost].[/]       : Initializing Spring embedded WebApplicationContext
2026-04-12T12:42:26.949Z  INFO 97147 --- [news-aggregator] [           main] w.s.c.ServletWebServerApplicationContext : Root WebApplicationContext: initialization completed in 735 ms
2026-04-12T12:42:27.090Z  INFO 97147 --- [news-aggregator] [           main] o.hibernate.jpa.internal.util.LogHelper  : HHH000204: Processing PersistenceUnitInfo [name: default]
2026-04-12T12:42:27.120Z  INFO 97147 --- [news-aggregator] [           main] org.hibernate.Version                    : HHH000412: Hibernate ORM core version 6.6.45.Final
2026-04-12T12:42:27.139Z  INFO 97147 --- [news-aggregator] [           main] o.h.c.internal.RegionFactoryInitiator    : HHH000026: Second-level cache disabled
2026-04-12T12:42:27.279Z  INFO 97147 --- [news-aggregator] [           main] o.s.o.j.p.SpringPersistenceUnitInfo      : No LoadTimeWeaver setup: ignoring JPA class transformer
2026-04-12T12:42:27.293Z  INFO 97147 --- [news-aggregator] [           main] com.zaxxer.hikari.HikariDataSource       : HikariPool-1 - Starting...
2026-04-12T12:42:27.351Z  INFO 97147 --- [news-aggregator] [           main] com.zaxxer.hikari.pool.HikariPool        : HikariPool-1 - Added connection org.postgresql.jdbc.PgConnection@3ec7eb5
2026-04-12T12:42:27.352Z  INFO 97147 --- [news-aggregator] [           main] com.zaxxer.hikari.HikariDataSource       : HikariPool-1 - Start completed.
2026-04-12T12:42:27.369Z  WARN 97147 --- [news-aggregator] [           main] org.hibernate.orm.deprecation            : HHH90000025: PostgreSQLDialect does not need to be specified explicitly using 'hibernate.dialect' (remove the property setting and it will be selected by default)
2026-04-12T12:42:27.379Z  INFO 97147 --- [news-aggregator] [           main] org.hibernate.orm.connections.pooling    : HHH10001005: Database info:
	Database JDBC URL [Connecting through datasource 'HikariDataSource (HikariPool-1)']
	Database driver: undefined/unknown
	Database version: 14.10
	Autocommit mode: undefined/unknown
	Isolation level: undefined/unknown
	Minimum pool size: undefined/unknown
	Maximum pool size: undefined/unknown
2026-04-12T12:42:27.822Z  INFO 97147 --- [news-aggregator] [           main] o.h.e.t.j.p.i.JtaPlatformInitiator       : HHH000489: No JTA platform available (set 'hibernate.transaction.jta.platform' to enable JTA platform integration)
2026-04-12T12:42:27.867Z  INFO 97147 --- [news-aggregator] [           main] j.LocalContainerEntityManagerFactoryBean : Initialized JPA EntityManagerFactory for persistence unit 'default'
2026-04-12T12:42:28.018Z  INFO 97147 --- [news-aggregator] [           main] o.s.d.j.r.query.QueryEnhancerFactory     : Hibernate is in classpath; If applicable, HQL parser will be used.
2026-04-12T12:42:28.384Z  WARN 97147 --- [news-aggregator] [           main] JpaBaseConfiguration$JpaWebConfiguration : spring.jpa.open-in-view is enabled by default. Therefore, database queries may be performed during view rendering. Explicitly configure spring.jpa.open-in-view to disable this warning
2026-04-12T12:42:28.401Z  INFO 97147 --- [news-aggregator] [           main] o.s.b.a.w.s.WelcomePageHandlerMapping    : Adding welcome page template: index
2026-04-12T12:42:28.611Z  INFO 97147 --- [news-aggregator] [           main] o.s.b.a.e.web.EndpointLinksResolver      : Exposing 1 endpoint beneath base path '/actuator'
2026-04-12T12:42:28.652Z  INFO 97147 --- [news-aggregator] [           main] o.s.b.w.embedded.tomcat.TomcatWebServer  : Tomcat started on port 8080 (http) with context path '/'
2026-04-12T12:42:28.662Z  INFO 97147 --- [news-aggregator] [           main] c.n.NewsAggregatorApplication            : Started NewsAggregatorApplication in 2.748 seconds (process running for 2.987)
2026-04-12T12:42:28.671Z  INFO 97147 --- [news-aggregator] [   scheduling-1] c.n.a.service.FeedFetchingService        : Starte automatischen Abruf aller Feeds
2026-04-12T12:42:28.718Z  INFO 97147 --- [news-aggregator] [   scheduling-1] c.n.a.service.FeedFetchingService        : Rufe Feed ab: FeedId(value=12)
2026-04-12T12:42:28.722Z  INFO 97147 --- [news-aggregator] [   scheduling-1] c.n.i.adapter.rss.RssFeedReaderAdapter   : Lese Feed: Sportschau Fußball
2026-04-12T12:42:29.001Z  INFO 97147 --- [news-aggregator] [   scheduling-1] c.n.i.adapter.rss.RssFeedReaderAdapter   : 63 Artikel aus Feed 'Sportschau Fußball' gelesen
2026-04-12T12:42:29.102Z  INFO 97147 --- [news-aggregator] [   scheduling-1] c.n.a.service.FeedFetchingService        : Feed 'Sportschau Fußball' abgerufen: 0 neue Artikel (63 bereits vorhanden)
2026-04-12T12:42:29.103Z  INFO 97147 --- [news-aggregator] [   scheduling-1] c.n.a.service.FeedFetchingService        : Rufe Feed ab: FeedId(value=13)
2026-04-12T12:42:29.103Z  INFO 97147 --- [news-aggregator] [   scheduling-1] c.n.i.adapter.rss.RssFeedReaderAdapter   : Lese Feed: Investing.com DE
2026-04-12T12:42:29.192Z  INFO 97147 --- [news-aggregator] [   scheduling-1] c.n.i.adapter.rss.RssFeedReaderAdapter   : 10 Artikel aus Feed 'Investing.com DE' gelesen
2026-04-12T12:42:29.226Z  INFO 97147 --- [news-aggregator] [   scheduling-1] c.n.a.service.FeedFetchingService        : Feed 'Investing.com DE' abgerufen: 0 neue Artikel (10 bereits vorhanden)
2026-04-12T12:42:29.226Z  INFO 97147 --- [news-aggregator] [   scheduling-1] c.n.a.service.FeedFetchingService        : Rufe Feed ab: FeedId(value=1)
2026-04-12T12:42:29.226Z  INFO 97147 --- [news-aggregator] [   scheduling-1] c.n.i.adapter.rss.RssFeedReaderAdapter   : Lese Feed: Heise Online
2026-04-12T12:42:29.357Z  INFO 97147 --- [news-aggregator] [   scheduling-1] c.n.i.adapter.rss.RssFeedReaderAdapter   : 153 Artikel aus Feed 'Heise Online' gelesen
2026-04-12T12:42:29.533Z  INFO 97147 --- [news-aggregator] [   scheduling-1] c.n.a.service.FeedFetchingService        : Feed 'Heise Online' abgerufen: 0 neue Artikel (153 bereits vorhanden)
2026-04-12T12:42:29.533Z  INFO 97147 --- [news-aggregator] [   scheduling-1] c.n.a.service.FeedFetchingService        : Rufe Feed ab: FeedId(value=2)
2026-04-12T12:42:29.534Z  INFO 97147 --- [news-aggregator] [   scheduling-1] c.n.i.adapter.rss.RssFeedReaderAdapter   : Lese Feed: Golem.de
2026-04-12T12:42:29.661Z  INFO 97147 --- [news-aggregator] [   scheduling-1] c.n.i.adapter.rss.RssFeedReaderAdapter   : 40 Artikel aus Feed 'Golem.de' gelesen
2026-04-12T12:42:29.707Z  INFO 97147 --- [news-aggregator] [   scheduling-1] c.n.a.service.FeedFetchingService        : Feed 'Golem.de' abgerufen: 0 neue Artikel (40 bereits vorhanden)
2026-04-12T12:42:29.708Z  INFO 97147 --- [news-aggregator] [   scheduling-1] c.n.a.service.FeedFetchingService        : Rufe Feed ab: FeedId(value=16)
2026-04-12T12:42:29.708Z  INFO 97147 --- [news-aggregator] [   scheduling-1] c.n.i.adapter.rss.RssFeedReaderAdapter   : Lese Feed: MoviePilot
2026-04-12T12:42:29.742Z  INFO 97147 --- [news-aggregator] [   scheduling-1] c.n.i.adapter.rss.RssFeedReaderAdapter   : 20 Artikel aus Feed 'MoviePilot' gelesen
2026-04-12T12:42:29.763Z  INFO 97147 --- [news-aggregator] [   scheduling-1] c.n.a.service.FeedFetchingService        : Feed 'MoviePilot' abgerufen: 0 neue Artikel (20 bereits vorhanden)
2026-04-12T12:42:29.764Z  INFO 97147 --- [news-aggregator] [   scheduling-1] c.n.a.service.FeedFetchingService        : Automatischer Abruf abgeschlossen: 5 erfolgreich, 0 fehlgeschlagen
2026-04-12T12:42:30.713Z  INFO 97147 --- [news-aggregator] [nio-8080-exec-1] o.a.c.c.C.[Tomcat].[localhost].[/]       : Initializing Spring DispatcherServlet 'dispatcherServlet'
2026-04-12T12:42:30.713Z  INFO 97147 --- [news-aggregator] [nio-8080-exec-1] o.s.web.servlet.DispatcherServlet        : Initializing Servlet 'dispatcherServlet'
2026-04-12T12:42:30.714Z  INFO 97147 --- [news-aggregator] [nio-8080-exec-1] o.s.web.servlet.DispatcherServlet        : Completed initialization in 1 ms
2026-04-12T12:42:35.212Z DEBUG 97147 --- [news-aggregator] [nio-8080-exec-2] c.n.i.adapter.web.FeedController         : GET /api/feeds aufgerufen
2026-04-12T12:42:35.214Z DEBUG 97147 --- [news-aggregator] [nio-8080-exec-2] c.n.a.service.FeedManagementService      : Rufe alle Feeds ab
2026-04-12T12:42:40.509Z DEBUG 97147 --- [news-aggregator] [nio-8080-exec-4] c.n.i.adapter.web.WebController          : Rufe Feeds-Seite auf
2026-04-12T12:42:40.513Z DEBUG 97147 --- [news-aggregator] [nio-8080-exec-4] c.n.a.service.FeedManagementService      : Rufe alle Feeds ab
